iterazione3/whatsOnSalon/app/build/intermediates/manifest_merge_blame_file/debug/manifest-merger-blame-debug-report.txt
1<?xml version="1.0" encoding="utf-8"?>
2<manifest xmlns:android="http://schemas.android.com/apk/res/android"
3    package="com.example.whatsonsalon"
4    android:versionCode="1"
5    android:versionName="1.0" >
6
7    <uses-sdk
8        android:minSdkVersion="26"
8-->src\main\AndroidManifest.xml
9        android:targetSdkVersion="32" />
9-->src\main\AndroidManifest.xml
10
11    <uses-permission android:name="android.permission.ACCESS_NETWORK_STATE" />
11-->[io.realm:realm-android-library-object-server:10.10.1] AndroidManifest.xml:9:5-79
11-->[io.realm:realm-android-library-object-server:10.10.1] AndroidManifest.xml:9:22-76
12    <uses-permission android:name="android.permission.INTERNET" />
12-->[io.realm:realm-android-library-object-server:10.10.1] AndroidManifest.xml:10:5-67
12-->[io.realm:realm-android-library-object-server:10.10.1] AndroidManifest.xml:10:22-64
13
14    <application
14-->src\main\AndroidManifest.xml:5:5-33:19
15        android:allowBackup="true"
15-->src\main\AndroidManifest.xml:6:9-35
16        android:appComponentFactory="androidx.core.app.CoreComponentFactory"
16-->[androidx.core:core:1.7.0] AndroidManifest.xml:24:18-86
17        android:debuggable="true"
18        android:extractNativeLibs="false"
19        android:icon="@mipmap/ic_launcher"
19-->src\main\AndroidManifest.xml:7:9-43
20        android:label="WhatsOnSalon"
20-->src\main\AndroidManifest.xml:8:9-37
21        android:roundIcon="@mipmap/ic_launcher_round"
21-->src\main\AndroidManifest.xml:9:9-54
22        android:supportsRtl="true"
22-->src\main\AndroidManifest.xml:10:9-35
23        android:testOnly="true"
24        android:theme="@style/Theme.WhatsOnSalon" >
24-->src\main\AndroidManifest.xml:11:9-50
25        <activity
25-->src\main\AndroidManifest.xml:12:9-15:65
26            android:name="com.example.whatsonsalon.SelezionaSlotAppuntamento"
26-->src\main\AndroidManifest.xml:13:13-54
27            android:exported="false"
27-->src\main\AndroidManifest.xml:14:13-37
28            android:parentActivityName="com.example.whatsonsalon.AggiungiAppActivity" />
28-->src\main\AndroidManifest.xml:15:13-62
29        <activity
29-->src\main\AndroidManifest.xml:16:9-19:54
30            android:name="com.example.whatsonsalon.AggiungiAppActivity"
30-->src\main\AndroidManifest.xml:17:13-48
31            android:exported="false"
31-->src\main\AndroidManifest.xml:18:13-37
32            android:parentActivityName="com.example.whatsonsalon.MainPage" />
32-->src\main\AndroidManifest.xml:19:13-51
33        <activity
33-->src\main\AndroidManifest.xml:20:9-23:58
34            android:name="com.example.whatsonsalon.MainPage"
34-->src\main\AndroidManifest.xml:21:13-37
35            android:exported="false"
35-->src\main\AndroidManifest.xml:22:13-37
36            android:parentActivityName="com.example.whatsonsalon.MainActivity" />
36-->src\main\AndroidManifest.xml:23:13-55
37        <activity
37-->src\main\AndroidManifest.xml:24:9-32:20
38            android:name="com.example.whatsonsalon.MainActivity"
38-->src\main\AndroidManifest.xml:25:13-41
39            android:exported="true" >
39-->src\main\AndroidManifest.xml:26:13-36
40            <intent-filter>
40-->src\main\AndroidManifest.xml:27:13-31:29
41                <action android:name="android.intent.action.MAIN" />
41-->src\main\AndroidManifest.xml:28:17-69
41-->src\main\AndroidManifest.xml:28:25-66
42
43                <category android:name="android.intent.category.LAUNCHER" />
43-->src\main\AndroidManifest.xml:30:17-77
43-->src\main\AndroidManifest.xml:30:27-74
44            </intent-filter>
45        </activity>
46
47        <provider
47-->[androidx.emoji2:emoji2:1.0.0] AndroidManifest.xml:26:9-34:20
48            android:name="androidx.startup.InitializationProvider"
48-->[androidx.emoji2:emoji2:1.0.0] AndroidManifest.xml:27:13-67
49            android:authorities="com.example.whatsonsalon.androidx-startup"
49-->[androidx.emoji2:emoji2:1.0.0] AndroidManifest.xml:28:13-68
50            android:exported="false" >
50-->[androidx.emoji2:emoji2:1.0.0] AndroidManifest.xml:29:13-37
51            <meta-data
51-->[androidx.emoji2:emoji2:1.0.0] AndroidManifest.xml:31:13-33:52
52                android:name="androidx.emoji2.text.EmojiCompatInitializer"
52-->[androidx.emoji2:emoji2:1.0.0] AndroidManifest.xml:32:17-75
53                android:value="androidx.startup" />
53-->[androidx.emoji2:emoji2:1.0.0] AndroidManifest.xml:33:17-49
54            <meta-data
54-->[androidx.lifecycle:lifecycle-process:2.4.0] AndroidManifest.xml:31:13-33:52
55                android:name="androidx.lifecycle.ProcessLifecycleInitializer"
55-->[androidx.lifecycle:lifecycle-process:2.4.0] AndroidManifest.xml:32:17-78
56                android:value="androidx.startup" />
56-->[androidx.lifecycle:lifecycle-process:2.4.0] AndroidManifest.xml:33:17-49
57        </provider>
58    </application>
59
60</manifest>